<?xml version="1.0" encoding="UTF-8"?>
<testsuite name="com.bridgelabz.EmployeePayrollTest" tests="1" skipped="0" failures="0" errors="0" timestamp="2021-06-24T10:38:46" hostname="LAPTOP-DILI6N8Q" time="0.379">
  <properties/>
  <testcase name="givenDatabaseUpdateDataInTableUsingPreparedStatement()" classname="com.bridgelabz.EmployeePayrollTest" time="0.379"/>
  <system-out><![CDATA[]]></system-out>
  <system-err><![CDATA[]]></system-err>
</testsuite>
